\BOOKMARK [0][-]{abstract.0}{\376\377\144\130\000\040\000\040\000\040\000\040\211\201}{}% 1
\BOOKMARK [0][-]{englishabstract.0}{\376\377\000A\000B\000S\000T\000R\000A\000C\000T}{}% 2
\BOOKMARK [0][-]{toc.0}{\376\377\166\356\000\040\000\040\000\040\000\040\137\125}{}% 3
\BOOKMARK [0][-]{chapter*.4}{\376\377\143\322\126\376\175\042\137\025}{}% 4
\BOOKMARK [0][-]{chapter*.5}{\376\377\210\150\150\074\175\042\137\025}{}% 5
\BOOKMARK [0][-]{chapter*.6}{\376\377\173\227\154\325\175\042\137\025}{}% 6
\BOOKMARK [0][-]{chapter*.7}{\376\377\116\073\211\201\173\046\123\367\133\371\161\147\210\150}{}% 7
\BOOKMARK [0][-]{chapter.1}{\376\377\173\054\116\000\172\340\000\040\000\040\170\024\172\166\200\314\146\157}{}% 8
\BOOKMARK [0][-]{chapter.2}{\376\377\173\054\116\214\172\340\000\040\000\040\126\375\121\205\131\026\170\024\172\166\163\260\162\266}{}% 9
\BOOKMARK [1][-]{section.2.1}{\376\377\0002\000.\0001\000\040\126\375\131\026\116\073\155\101\127\050\176\277\145\160\143\156\116\244\146\023\136\163\123\360}{chapter.2}% 10
\BOOKMARK [1][-]{section.2.2}{\376\377\0002\000.\0002\000\040\126\375\121\205\116\073\155\101\127\050\176\277\145\160\143\156\116\244\146\023\136\163\123\360}{chapter.2}% 11
\BOOKMARK [1][-]{section.2.3}{\376\377\0002\000.\0003\000\040\135\362\147\011\166\204\145\160\143\156\133\232\116\367\173\126\165\145}{chapter.2}% 12
\BOOKMARK [1][-]{section.2.4}{\376\377\0002\000.\0004\000\040\125\106\124\301\127\050\176\277\142\315\123\126}{chapter.2}% 13
\BOOKMARK [1][-]{section.2.5}{\376\377\0002\000.\0005\000\040\147\054\172\340\134\017\176\323}{chapter.2}% 14
\BOOKMARK [0][-]{chapter.3}{\376\377\173\054\116\011\172\340\000\040\000\040\127\372\116\216\117\341\140\157\161\265\166\204\145\160\143\156\133\232\116\367\170\024\172\166}{}% 15
\BOOKMARK [1][-]{section.3.1}{\376\377\0003\000.\0001\000\040\133\232\116\367\173\126\165\145\116\016\152\041\127\213}{chapter.3}% 16
\BOOKMARK [2][-]{subsection.3.1.1}{\376\377\0003\000.\0001\000.\0001\000\040\225\356\230\230\133\232\116\111}{section.3.1}% 17
\BOOKMARK [2][-]{subsection.3.1.2}{\376\377\0003\000.\0001\000.\0002\000\040\145\160\143\156\125\106\124\301\117\341\140\157\221\317\166\204\155\113\221\317}{section.3.1}% 18
\BOOKMARK [2][-]{subsection.3.1.3}{\376\377\0003\000.\0001\000.\0003\000\040\220\032\165\050\133\232\116\367\152\041\127\213}{section.3.1}% 19
\BOOKMARK [2][-]{subsection.3.1.4}{\376\377\0003\000.\0001\000.\0004\000\040\213\250\213\272}{section.3.1}% 20
\BOOKMARK [1][-]{section.3.2}{\376\377\0003\000.\0002\000\040\133\236\232\214\116\016\213\304\117\060}{chapter.3}% 21
\BOOKMARK [2][-]{subsection.3.2.1}{\376\377\0003\000.\0002\000.\0001\000\040\133\236\215\365\116\055\220\107\122\060\166\204\225\356\230\230}{section.3.2}% 22
\BOOKMARK [2][-]{subsection.3.2.2}{\376\377\0003\000.\0002\000.\0002\000\040\127\050\121\154\137\000\170\024\172\166\145\160\143\156\226\306\116\012\166\204\133\236\232\214}{section.3.2}% 23
\BOOKMARK [2][-]{subsection.3.2.3}{\376\377\0003\000.\0002\000.\0003\000\040\127\050\131\047\211\304\152\041\135\345\116\032\145\160\143\156\226\306\116\012\166\204\133\236\232\214}{section.3.2}% 24
\BOOKMARK [2][-]{subsection.3.2.4}{\376\377\0003\000.\0002\000.\0004\000\040\133\232\116\367\121\375\145\160}{section.3.2}% 25
\BOOKMARK [1][-]{section.3.3}{\376\377\0003\000.\0003\000\040\147\054\172\340\134\017\176\323}{chapter.3}% 26
\BOOKMARK [0][-]{chapter.4}{\376\377\173\054\126\333\172\340\000\040\000\040\127\372\116\216\117\341\140\157\161\265\166\204\145\160\143\156\125\106\124\301\127\050\176\277\142\315\123\126\166\204\170\024\172\166}{}% 27
\BOOKMARK [1][-]{section.4.1}{\376\377\0004\000.\0001\000\040\170\024\172\166\122\250\147\072}{chapter.4}% 28
\BOOKMARK [1][-]{section.4.2}{\376\377\0004\000.\0002\000\040\137\161\124\315\127\050\176\277\142\315\123\126\166\204\221\315\211\201\126\340\175\040}{chapter.4}% 29
\BOOKMARK [2][-]{subsection.4.2.1}{\376\377\0004\000.\0002\000.\0001\000\040\142\315\123\126\147\072\122\066}{section.4.2}% 30
\BOOKMARK [2][-]{subsection.4.2.2}{\376\377\0004\000.\0002\000.\0002\000\040\172\336\142\315\145\366\225\177\116\016\123\302\116\016\116\272\145\160}{section.4.2}% 31
\BOOKMARK [2][-]{subsection.4.2.3}{\376\377\0004\000.\0002\000.\0003\000\040\215\167\142\315\116\367\116\016\117\335\165\131\116\367}{section.4.2}% 32
\BOOKMARK [1][-]{section.4.3}{\376\377\0004\000.\0003\000\040\127\372\116\216\117\341\140\157\161\265\166\204\127\050\176\277\142\315\123\126\152\041\127\213}{chapter.4}% 33
\BOOKMARK [2][-]{subsection.4.3.1}{\376\377\0004\000.\0003\000.\0001\000\040\136\046\117\335\165\131\116\367\166\204\123\125\116\366\162\151\124\301\127\050\176\277\142\315\123\126}{section.4.3}% 34
\BOOKMARK [2][-]{subsection.4.3.2}{\376\377\0004\000.\0003\000.\0002\000\040\136\046\117\335\165\131\116\367\166\204\131\032\116\366\162\151\124\301\127\050\176\277\142\315\123\126}{section.4.3}% 35
\BOOKMARK [1][-]{section.4.4}{\376\377\0004\000.\0004\000\040\152\041\127\213\213\304\117\060}{chapter.4}% 36
\BOOKMARK [1][-]{section.4.5}{\376\377\0004\000.\0005\000\040\147\054\172\340\134\017\176\323}{chapter.4}% 37
\BOOKMARK [0][-]{chapter*.8}{\376\377\121\150\145\207\140\073\176\323}{}% 38
\BOOKMARK [0][-]{appendix*.9}{\376\377\123\302\200\003\145\207\163\056}{}% 39
\BOOKMARK [0][-]{appendix*.10}{\376\377\201\364\000\040\000\040\000\040\000\040\214\042}{}% 40
\BOOKMARK [0][-]{appendix*.11}{\376\377\145\073\213\373\133\146\117\115\147\037\225\364\123\321\210\150\166\204\133\146\147\057\213\272\145\207}{}% 41
\BOOKMARK [0][-]{appendix*.12}{\376\377\145\073\213\373\133\146\117\115\147\037\225\364\123\302\116\016\166\204\230\171\166\356}{}% 42
